<?xml version="1.0" encoding="UTF-8"?>
<testng-results ignored="0" total="1" passed="1" failed="0" skipped="0">
  <reporter-output>
  </reporter-output>
  <suite started-at="2026-03-03T15:28:01 GMT+07:00" name="SauceDemo Lab7 Tests" finished-at="2026-03-03T15:28:06 GMT+07:00" duration-ms="5114">
    <groups>
    </groups>
    <test started-at="2026-03-03T15:28:01 GMT+07:00" name="Login Tests" finished-at="2026-03-03T15:28:06 GMT+07:00" duration-ms="5114">
      <class name="tests.LoginTest">
        <test-method is-config="true" signature="setUp()[pri:0, instance:tests.LoginTest@60704c]" started-at="2026-03-03T15:28:01 GMT+07:00" name="setUp" finished-at="2026-03-03T15:28:06 GMT+07:00" duration-ms="4716" status="PASS">
          <reporter-output>
          </reporter-output>
        </test-method> <!-- setUp -->
        <test-method signature="testLoginSuccess()[pri:0, instance:tests.LoginTest@60704c]" started-at="2026-03-03T15:28:06 GMT+07:00" name="testLoginSuccess" finished-at="2026-03-03T15:28:06 GMT+07:00" duration-ms="254" status="PASS">
          <reporter-output>
          </reporter-output>
        </test-method> <!-- testLoginSuccess -->
        <test-method is-config="true" signature="tearDown()[pri:0, instance:tests.LoginTest@60704c]" started-at="2026-03-03T15:28:06 GMT+07:00" name="tearDown" finished-at="2026-03-03T15:28:06 GMT+07:00" duration-ms="127" status="PASS">
          <reporter-output>
          </reporter-output>
        </test-method> <!-- tearDown -->
      </class> <!-- tests.LoginTest -->
    </test> <!-- Login Tests -->
  </suite> <!-- SauceDemo Lab7 Tests -->
</testng-results>
